<?xml version="1.0" encoding="UTF-8"?>
<testsuite name="net.runelite.client.plugins.slayer.SlayerPluginTest" time="0.347" tests="45" errors="0" skipped="0" failures="0">
  <properties>
    <property name="java.runtime.name" value="Java(TM) SE Runtime Environment"/>
    <property name="idea.version" value="2021.1.1"/>
    <property name="java.vm.version" value="11.0.13+10-LTS-370"/>
    <property name="sun.boot.library.path" value="C:\Program Files\Java\jdk-11.0.13\bin"/>
    <property name="maven.multiModuleProjectDirectory" value="C:\dev\prive\Runescape\bano\Runelite component"/>
    <property name="java.vm.vendor" value="Oracle Corporation"/>
    <property name="java.vendor.url" value="https://openjdk.java.net/"/>
    <property name="path.separator" value=";"/>
    <property name="guice.disable.misplaced.annotation.check" value="true"/>
    <property name="java.vm.name" value="Java HotSpot(TM) 64-Bit Server VM"/>
    <property name="user.country" value="NL"/>
    <property name="sun.java.launcher" value="SUN_STANDARD"/>
    <property name="user.script" value=""/>
    <property name="sun.os.patch.level" value=""/>
    <property name="user.dir" value="C:\dev\prive\Runescape\bano\Runelite component"/>
    <property name="java.vm.compressedOopsMode" value="Zero based"/>
    <property name="java.vm.specification.name" value="Java Virtual Machine Specification"/>
    <property name="java.runtime.version" value="11.0.13+10-LTS-370"/>
    <property name="java.awt.graphicsenv" value="sun.awt.Win32GraphicsEnvironment"/>
    <property name="os.arch" value="amd64"/>
    <property name="java.io.tmpdir" value="C:\Users\djima_j\AppData\Local\Temp\"/>
    <property name="line.separator" value="&#10;"/>
    <property name="java.vm.specification.vendor" value="Oracle Corporation"/>
    <property name="user.variant" value=""/>
    <property name="os.name" value="Windows 10"/>
    <property name="maven.ext.class.path" value="C:\Program Files\JetBrains\IntelliJ IDEA Community Edition 2021.1.1\plugins\maven\lib\maven-event-listener.jar"/>
    <property name="classworlds.conf" value="C:\Program Files\JetBrains\IntelliJ IDEA Community Edition 2021.1.1\plugins\maven\lib\maven3\bin\m2.conf"/>
    <property name="sun.jnu.encoding" value="Cp1252"/>
    <property name="java.library.path" value="C:\Program Files\Java\jdk-11.0.13\bin;C:\WINDOWS\Sun\Java\bin;C:\WINDOWS\system32;C:\WINDOWS;C:\Program Files\Common Files\Oracle\Java\javapath;C:\Program Files\Scripts\;C:\Program Files\;C:\WINDOWS\system32;C:\WINDOWS;C:\WINDOWS\System32\Wbem;C:\WINDOWS\System32\WindowsPowerShell\v1.0\;C:\WINDOWS\System32\OpenSSH\;C:\ProgramData\chocolatey\bin;C:\Program Files\Git\cmd;C:\Program Files (x86)\PuTTY\;C:\Program Files (x86)\Git\cmd;C:\Program Files\dotnet\;C:\Program Files (x86)\dotnet\;C:\Program Files (x86)\nodejs\;C:\Program Files\Docker\Docker\resources\bin;C:\ProgramData\DockerDesktop\version-bin;C:\Program Files (x86)\Yarn\bin\;C:\Users\djima_j\AppData\Roaming\npm;C:\Users\djima_j\AppData\Local\Microsoft\WindowsApps;C:\Users\djima_j\.dotnet\tools;C:\Users\djima_j\AppData\Local\Android\Sdk\platform-tools;C:\Users\djima_j\AppData\Local\Yarn\bin;;."/>
    <property name="maven.conf" value="C:\Program Files\JetBrains\IntelliJ IDEA Community Edition 2021.1.1\plugins\maven\lib\maven3/conf"/>
    <property name="jdk.debug" value="release"/>
    <property name="java.class.version" value="55.0"/>
    <property name="java.specification.name" value="Java Platform API Specification"/>
    <property name="sun.management.compiler" value="HotSpot 64-Bit Tiered Compilers"/>
    <property name="os.version" value="10.0"/>
    <property name="user.home" value="C:\Users\djima_j"/>
    <property name="user.timezone" value="Europe/Berlin"/>
    <property name="java.awt.printerjob" value="sun.awt.windows.WPrinterJob"/>
    <property name="file.encoding" value="UTF-8"/>
    <property name="java.specification.version" value="11"/>
    <property name="java.class.path" value="C:\Program Files\JetBrains\IntelliJ IDEA Community Edition 2021.1.1\plugins\maven\lib\maven3\boot\plexus-classworlds-2.6.0.jar;C:\Program Files\JetBrains\IntelliJ IDEA Community Edition 2021.1.1\plugins\maven\lib\maven3\boot\plexus-classworlds.license"/>
    <property name="user.name" value="djima_j"/>
    <property name="java.vm.specification.version" value="11"/>
    <property name="sun.arch.data.model" value="64"/>
    <property name="sun.java.command" value="org.codehaus.classworlds.Launcher -Didea.version=2021.1.1 install"/>
    <property name="java.home" value="C:\Program Files\Java\jdk-11.0.13"/>
    <property name="user.language" value="nl"/>
    <property name="java.specification.vendor" value="Oracle Corporation"/>
    <property name="awt.toolkit" value="sun.awt.windows.WToolkit"/>
    <property name="java.vm.info" value="mixed mode"/>
    <property name="java.version" value="11.0.13"/>
    <property name="java.vendor" value="Oracle Corporation"/>
    <property name="maven.home" value="C:\Program Files\JetBrains\IntelliJ IDEA Community Edition 2021.1.1\plugins\maven\lib\maven3"/>
    <property name="file.separator" value="\"/>
    <property name="java.version.date" value="2021-10-19"/>
    <property name="java.vendor.url.bug" value="https://bugreport.java.com/bugreport/"/>
    <property name="sun.cpu.endian" value="little"/>
    <property name="sun.io.unicode.encoding" value="UnicodeLittle"/>
    <property name="java.vendor.version" value="18.9"/>
    <property name="sun.desktop" value="windows"/>
    <property name="sun.cpu.isalist" value="amd64"/>
  </properties>
  <testcase name="testCheckSlayerGemWildernessTask" classname="net.runelite.client.plugins.slayer.SlayerPluginTest" time="0.164"/>
  <testcase name="testKonarBossTask" classname="net.runelite.client.plugins.slayer.SlayerPluginTest" time="0.006"/>
  <testcase name="testCombatBraceletUpdate" classname="net.runelite.client.plugins.slayer.SlayerPluginTest" time="0.006"/>
  <testcase name="testOneTask" classname="net.runelite.client.plugins.slayer.SlayerPluginTest" time="0.006"/>
  <testcase name="testCheckSlayerGemKonarTask" classname="net.runelite.client.plugins.slayer.SlayerPluginTest" time="0.003"/>
  <testcase name="testBossTask" classname="net.runelite.client.plugins.slayer.SlayerPluginTest" time="0.003"/>
  <testcase name="testNewAccountSlayerKill" classname="net.runelite.client.plugins.slayer.SlayerPluginTest" time="0.002"/>
  <testcase name="testIncorrectlyCapturedTaskKill" classname="net.runelite.client.plugins.slayer.SlayerPluginTest" time="0.003"/>
  <testcase name="testBraceletSlaughter" classname="net.runelite.client.plugins.slayer.SlayerPluginTest" time="0.003"/>
  <testcase name="testNewKonarTask" classname="net.runelite.client.plugins.slayer.SlayerPluginTest" time="0.004"/>
  <testcase name="testTaskMaxPoints" classname="net.runelite.client.plugins.slayer.SlayerPluginTest" time="0.006"/>
  <testcase name="testTaskMaxStreak" classname="net.runelite.client.plugins.slayer.SlayerPluginTest" time="0.003"/>
  <testcase name="testExistingTaskWilderness" classname="net.runelite.client.plugins.slayer.SlayerPluginTest" time="0.004"/>
  <testcase name="updateInitialAmount" classname="net.runelite.client.plugins.slayer.SlayerPluginTest" time="0.004"/>
  <testcase name="testBraceletExpeditious" classname="net.runelite.client.plugins.slayer.SlayerPluginTest" time="0.003"/>
  <testcase name="testMultikill" classname="net.runelite.client.plugins.slayer.SlayerPluginTest" time="0.01"/>
  <testcase name="testJadTaskKill" classname="net.runelite.client.plugins.slayer.SlayerPluginTest" time="0.005"/>
  <testcase name="testRewardPointsWidget" classname="net.runelite.client.plugins.slayer.SlayerPluginTest" time="0.003"/>
  <testcase name="testCorrectlyCapturedTaskKill" classname="net.runelite.client.plugins.slayer.SlayerPluginTest" time="0.002"/>
  <testcase name="testTaskLookup" classname="net.runelite.client.plugins.slayer.SlayerPluginTest" time="0.003"/>
  <testcase name="testComplete" classname="net.runelite.client.plugins.slayer.SlayerPluginTest" time="0.004"/>
  <testcase name="testFirstTaskKonar" classname="net.runelite.client.plugins.slayer.SlayerPluginTest" time="0.005"/>
  <testcase name="testBossTaskThe" classname="net.runelite.client.plugins.slayer.SlayerPluginTest" time="0.007"/>
  <testcase name="testPartnerTask" classname="net.runelite.client.plugins.slayer.SlayerPluginTest" time="0.002"/>
  <testcase name="testSlayergemActivateWilderness" classname="net.runelite.client.plugins.slayer.SlayerPluginTest" time="0.004"/>
  <testcase name="infoboxNotAddedOnLogin" classname="net.runelite.client.plugins.slayer.SlayerPluginTest" time="0.006"/>
  <testcase name="testTaskLookupInvalid" classname="net.runelite.client.plugins.slayer.SlayerPluginTest" time="0.004"/>
  <testcase name="testSlayergemActivateKonar" classname="net.runelite.client.plugins.slayer.SlayerPluginTest" time="0.003"/>
  <testcase name="testTaskWilderness" classname="net.runelite.client.plugins.slayer.SlayerPluginTest" time="0.006"/>
  <testcase name="testSuperiorNotification" classname="net.runelite.client.plugins.slayer.SlayerPluginTest" time="0.005"/>
  <testcase name="testTaskCompleteTurael" classname="net.runelite.client.plugins.slayer.SlayerPluginTest" time="0.003"/>
  <testcase name="testFirstTask" classname="net.runelite.client.plugins.slayer.SlayerPluginTest" time="0.004"/>
  <testcase name="testSlayergemActivate" classname="net.runelite.client.plugins.slayer.SlayerPluginTest" time="0.005"/>
  <testcase name="testCancelled" classname="net.runelite.client.plugins.slayer.SlayerPluginTest" time="0.002"/>
  <testcase name="testNoPoints" classname="net.runelite.client.plugins.slayer.SlayerPluginTest" time="0.003"/>
  <testcase name="testNewTask" classname="net.runelite.client.plugins.slayer.SlayerPluginTest" time="0.006"/>
  <testcase name="testZukTaskKill" classname="net.runelite.client.plugins.slayer.SlayerPluginTest" time="0.005"/>
  <testcase name="testExistingTaskKonar" classname="net.runelite.client.plugins.slayer.SlayerPluginTest" time="0.004"/>
  <testcase name="testPoints" classname="net.runelite.client.plugins.slayer.SlayerPluginTest" time="0.004"/>
  <testcase name="testExistingTask" classname="net.runelite.client.plugins.slayer.SlayerPluginTest" time="0.004"/>
  <testcase name="testNewNpcContactTask" classname="net.runelite.client.plugins.slayer.SlayerPluginTest" time="0.003"/>
  <testcase name="testCheckSlayerGem" classname="net.runelite.client.plugins.slayer.SlayerPluginTest" time="0.002"/>
  <testcase name="testNewKonarTask2" classname="net.runelite.client.plugins.slayer.SlayerPluginTest" time="0.003"/>
  <testcase name="testNewKonarTask3" classname="net.runelite.client.plugins.slayer.SlayerPluginTest" time="0.005"/>
  <testcase name="testLargeStreak" classname="net.runelite.client.plugins.slayer.SlayerPluginTest" time="0.005"/>
</testsuite>